This file contains any messages produced by compilers while
running configure, to aid debugging if configure makes a mistake.

It was created by ldpcurve configure 0.0.1, which was
generated by GNU Autoconf 2.69.  Invocation command line was

  $ ./configure --no-create --no-recursion

## --------- ##
## Platform. ##
## --------- ##

hostname = ubuntu
uname -m = x86_64
uname -r = 5.15.0-46-generic
uname -s = Linux
uname -v = #49~20.04.1-Ubuntu SMP Thu Aug 4 19:15:44 UTC 2022

/usr/bin/uname -p = x86_64
/bin/uname -X     = unknown

/bin/arch              = x86_64
/usr/bin/arch -k       = unknown
/usr/convex/getsysinfo = unknown
/usr/bin/hostinfo      = unknown
/bin/machine           = unknown
/usr/bin/oslevel       = unknown
/bin/universe          = unknown

PATH: /usr/local/sbin
PATH: /usr/local/bin
PATH: /usr/sbin
PATH: /usr/bin
PATH: /sbin
PATH: /bin
PATH: /usr/games
PATH: /usr/local/games
PATH: /snap/bin


## ----------- ##
## Core tests. ##
## ----------- ##

configure:2313: checking for a BSD-compatible install
configure:2381: result: /usr/bin/install -c
configure:2392: checking whether build environment is sane
configure:2447: result: yes
configure:2596: checking for a thread-safe mkdir -p
configure:2635: result: /usr/bin/mkdir -p
configure:2642: checking for gawk
configure:2658: found /usr/bin/gawk
configure:2669: result: gawk
configure:2680: checking whether make sets $(MAKE)
configure:2702: result: yes
configure:2731: checking whether make supports nested variables
configure:2748: result: yes
configure:2925: checking for gcc
configure:2941: found /usr/bin/gcc
configure:2952: result: gcc
configure:3181: checking for C compiler version
configure:3190: gcc --version >&5
gcc (Ubuntu 9.4.0-1ubuntu1~20.04.1) 9.4.0
Copyright (C) 2019 Free Software Foundation, Inc.
This is free software; see the source for copying conditions.  There is NO
warranty; not even for MERCHANTABILITY or FITNESS FOR A PARTICULAR PURPOSE.

configure:3201: $? = 0
configure:3190: gcc -v >&5
Using built-in specs.
COLLECT_GCC=gcc
COLLECT_LTO_WRAPPER=/usr/lib/gcc/x86_64-linux-gnu/9/lto-wrapper
OFFLOAD_TARGET_NAMES=nvptx-none:hsa
OFFLOAD_TARGET_DEFAULT=1
Target: x86_64-linux-gnu
Configured with: ../src/configure -v --with-pkgversion='Ubuntu 9.4.0-1ubuntu1~20.04.1' --with-bugurl=file:///usr/share/doc/gcc-9/README.Bugs --enable-languages=c,ada,c++,go,brig,d,fortran,objc,obj-c++,gm2 --prefix=/usr --with-gcc-major-version-only --program-suffix=-9 --program-prefix=x86_64-linux-gnu- --enable-shared --enable-linker-build-id --libexecdir=/usr/lib --without-included-gettext --enable-threads=posix --libdir=/usr/lib --enable-nls --enable-clocale=gnu --enable-libstdcxx-debug --enable-libstdcxx-time=yes --with-default-libstdcxx-abi=new --enable-gnu-unique-object --disable-vtable-verify --enable-plugin --enable-default-pie --with-system-zlib --with-target-system-zlib=auto --enable-objc-gc=auto --enable-multiarch --disable-werror --with-arch-32=i686 --with-abi=m64 --with-multilib-list=m32,m64,mx32 --enable-multilib --with-tune=generic --enable-offload-targets=nvptx-none=/build/gcc-9-Av3uEd/gcc-9-9.4.0/debian/tmp-nvptx/usr,hsa --without-cuda-driver --enable-checking=release --build=x86_64-linux-gnu --host=x86_64-linux-gnu --target=x86_64-linux-gnu
Thread model: posix
gcc version 9.4.0 (Ubuntu 9.4.0-1ubuntu1~20.04.1) 
configure:3201: $? = 0
configure:3190: gcc -V >&5
gcc: error: unrecognized command line option '-V'
gcc: fatal error: no input files
compilation terminated.
configure:3201: $? = 1
configure:3190: gcc -qversion >&5
gcc: error: unrecognized command line option '-qversion'; did you mean '--version'?
gcc: fatal error: no input files
compilation terminated.
configure:3201: $? = 1
configure:3221: checking whether the C compiler works
configure:3243: gcc    conftest.c  >&5
configure:3247: $? = 0
configure:3295: result: yes
configure:3298: checking for C compiler default output file name
configure:3300: result: a.out
configure:3306: checking for suffix of executables
configure:3313: gcc -o conftest    conftest.c  >&5
configure:3317: $? = 0
configure:3339: result: 
configure:3361: checking whether we are cross compiling
configure:3369: gcc -o conftest    conftest.c  >&5
configure:3373: $? = 0
configure:3380: ./conftest
configure:3384: $? = 0
configure:3372: result: no
configure:3377: checking for suffix of object files
configure:3399: gcc -c   conftest.c >&5
configure:3403: $? = 0
configure:3424: result: o
configure:3428: checking whether we are using the GNU C compiler
configure:3447: gcc -c   conftest.c >&5
configure:3447: $? = 0
configure:3456: result: yes
configure:3465: checking whether gcc accepts -g
configure:3485: gcc -c -g  conftest.c >&5
configure:3485: $? = 0
configure:3526: result: yes
configure:3543: checking for gcc option to accept ISO C89
configure:3606: gcc  -c -g -O2  conftest.c >&5
configure:3606: $? = 0
configure:3619: result: none needed
configure:3644: checking whether gcc understands -c and -o together
configure:3666: gcc -c conftest.c -o conftest2.o
configure:3669: $? = 0
configure:3666: gcc -c conftest.c -o conftest2.o
configure:3669: $? = 0
configure:3681: result: yes
configure:3701: checking whether make supports the include directive
configure:3716: make -f confmf.GNU && cat confinc.out
make[1]: Entering directory '/home/dxiang/ldp_curve'
make[1]: Leaving directory '/home/dxiang/ldp_curve'
this is the am__doit target
configure:3719: $? = 0
configure:3738: result: yes (GNU style)
configure:3763: checking dependency style of gcc
configure:3874: result: gcc3
configure:3947: checking for g++
configure:3963: found /usr/bin/g++
configure:3974: result: g++
configure:4001: checking for C++ compiler version
configure:4010: g++ --version >&5
g++ (Ubuntu 9.4.0-1ubuntu1~20.04.1) 9.4.0
Copyright (C) 2019 Free Software Foundation, Inc.
This is free software; see the source for copying conditions.  There is NO
warranty; not even for MERCHANTABILITY or FITNESS FOR A PARTICULAR PURPOSE.

configure:4021: $? = 0
configure:4010: g++ -v >&5
Using built-in specs.
COLLECT_GCC=g++
COLLECT_LTO_WRAPPER=/usr/lib/gcc/x86_64-linux-gnu/9/lto-wrapper
OFFLOAD_TARGET_NAMES=nvptx-none:hsa
OFFLOAD_TARGET_DEFAULT=1
Target: x86_64-linux-gnu
Configured with: ../src/configure -v --with-pkgversion='Ubuntu 9.4.0-1ubuntu1~20.04.1' --with-bugurl=file:///usr/share/doc/gcc-9/README.Bugs --enable-languages=c,ada,c++,go,brig,d,fortran,objc,obj-c++,gm2 --prefix=/usr --with-gcc-major-version-only --program-suffix=-9 --program-prefix=x86_64-linux-gnu- --enable-shared --enable-linker-build-id --libexecdir=/usr/lib --without-included-gettext --enable-threads=posix --libdir=/usr/lib --enable-nls --enable-clocale=gnu --enable-libstdcxx-debug --enable-libstdcxx-time=yes --with-default-libstdcxx-abi=new --enable-gnu-unique-object --disable-vtable-verify --enable-plugin --enable-default-pie --with-system-zlib --with-target-system-zlib=auto --enable-objc-gc=auto --enable-multiarch --disable-werror --with-arch-32=i686 --with-abi=m64 --with-multilib-list=m32,m64,mx32 --enable-multilib --with-tune=generic --enable-offload-targets=nvptx-none=/build/gcc-9-Av3uEd/gcc-9-9.4.0/debian/tmp-nvptx/usr,hsa --without-cuda-driver --enable-checking=release --build=x86_64-linux-gnu --host=x86_64-linux-gnu --target=x86_64-linux-gnu
Thread model: posix
gcc version 9.4.0 (Ubuntu 9.4.0-1ubuntu1~20.04.1) 
configure:4021: $? = 0
configure:4010: g++ -V >&5
g++: error: unrecognized command line option '-V'
g++: fatal error: no input files
compilation terminated.
configure:4021: $? = 1
configure:4010: g++ -qversion >&5
g++: error: unrecognized command line option '-qversion'; did you mean '--version'?
g++: fatal error: no input files
compilation terminated.
configure:4021: $? = 1
configure:4025: checking whether we are using the GNU C++ compiler
configure:4044: g++ -c   conftest.cpp >&5
configure:4044: $? = 0
configure:4053: result: yes
configure:4062: checking whether g++ accepts -g
configure:4082: g++ -c -g  conftest.cpp >&5
configure:4082: $? = 0
configure:4123: result: yes
configure:4148: checking dependency style of g++
configure:4259: result: gcc3
configure:4303: checking build system type
configure:4317: result: x86_64-pc-linux-gnu
configure:4337: checking host system type
configure:4350: result: x86_64-pc-linux-gnu
configure:4391: checking how to print strings
configure:4418: result: printf
configure:4439: checking for a sed that does not truncate output
configure:4503: result: /usr/bin/sed
configure:4521: checking for grep that handles long lines and -e
configure:4579: result: /usr/bin/grep
configure:4584: checking for egrep
configure:4646: result: /usr/bin/grep -E
configure:4651: checking for fgrep
configure:4713: result: /usr/bin/grep -F
configure:4748: checking for ld used by gcc
configure:4815: result: /usr/bin/ld
configure:4822: checking if the linker (/usr/bin/ld) is GNU ld
configure:4837: result: yes
configure:4849: checking for BSD- or MS-compatible name lister (nm)
configure:4903: result: /usr/bin/nm -B
configure:5033: checking the name lister (/usr/bin/nm -B) interface
configure:5040: gcc -c -g -O2  conftest.c >&5
configure:5043: /usr/bin/nm -B "conftest.o"
configure:5046: output
0000000000000000 B some_variable
configure:5047: result: BSD nm
configure:5050: checking whether ln -s works
configure:5054: result: yes
configure:5062: checking the maximum length of command line arguments
configure:5193: result: 1572864
configure:5241: checking how to convert x86_64-pc-linux-gnu file names to x86_64-pc-linux-gnu format
configure:5281: result: func_convert_file_noop
configure:5288: checking how to convert x86_64-pc-linux-gnu file names to toolchain format
configure:5308: result: func_convert_file_noop
configure:5315: checking for /usr/bin/ld option to reload object files
configure:5322: result: -r
configure:5396: checking for objdump
configure:5412: found /usr/bin/objdump
configure:5423: result: objdump
configure:5455: checking how to recognize dependent libraries
configure:5655: result: pass_all
configure:5740: checking for dlltool
configure:5770: result: no
configure:5800: checking how to associate runtime and link libraries
configure:5827: result: printf %s\n
configure:5888: checking for ar
configure:5904: found /usr/bin/ar
configure:5915: result: ar
configure:5952: checking for archiver @FILE support
configure:5969: gcc -c -g -O2  conftest.c >&5
configure:5969: $? = 0
configure:5972: ar cr libconftest.a @conftest.lst >&5
configure:5975: $? = 0
configure:5980: ar cr libconftest.a @conftest.lst >&5
ar: conftest.o: No such file or directory
configure:5983: $? = 1
configure:5982: result: @
configure:6040: checking for strip
configure:6056: found /usr/bin/strip
configure:6067: result: strip
configure:6139: checking for ranlib
configure:6155: found /usr/bin/ranlib
configure:6166: result: ranlib
configure:6268: checking command to parse /usr/bin/nm -B output from gcc object
configure:6421: gcc -c -g -O2  conftest.c >&5
configure:6424: $? = 0
configure:6428: /usr/bin/nm -B conftest.o | sed -n -e 's/^.*[	 ]\([ABCDGIRSTW][ABCDGIRSTW]*\)[	 ][	 ]*\([_A-Za-z][_A-Za-z0-9]*\)$/\1 \2 \2/p' | sed '/ __gnu_lto/d' > conftest.nm
configure:6494: gcc -o conftest -g -O2   conftest.c conftstm.o >&5
configure:6497: $? = 0
configure:6535: result: ok
configure:6582: checking for sysroot
configure:6612: result: no
configure:6619: checking for a working dd
configure:6657: result: /usr/bin/dd
configure:6661: checking how to truncate binary pipes
configure:6676: result: /usr/bin/dd bs=4096 count=1
configure:6812: gcc -c -g -O2  conftest.c >&5
configure:6815: $? = 0
configure:7005: checking for mt
configure:7021: found /usr/bin/mt
configure:7032: result: mt
configure:7055: checking if mt is a manifest tool
configure:7061: mt '-?'
configure:7069: result: no
configure:7746: checking how to run the C preprocessor
configure:7777: gcc -E  conftest.c
configure:7777: $? = 0
configure:7791: gcc -E  conftest.c
conftest.c:11:10: fatal error: ac_nonexistent.h: No such file or directory
   11 | #include <ac_nonexistent.h>
      |          ^~~~~~~~~~~~~~~~~~
compilation terminated.
configure:7791: $? = 1
configure: failed program was:
| /* confdefs.h */
| #define PACKAGE_NAME "ldpcurve"
| #define PACKAGE_TARNAME "ldpcurve"
| #define PACKAGE_VERSION "0.0.1"
| #define PACKAGE_STRING "ldpcurve 0.0.1"
| #define PACKAGE_BUGREPORT "dxiang@corp.netease.com"
| #define PACKAGE_URL ""
| #define PACKAGE "ldpcurve"
| #define VERSION "0.0.1"
| /* end confdefs.h.  */
| #include <ac_nonexistent.h>
configure:7816: result: gcc -E
configure:7836: gcc -E  conftest.c
configure:7836: $? = 0
configure:7850: gcc -E  conftest.c
conftest.c:11:10: fatal error: ac_nonexistent.h: No such file or directory
   11 | #include <ac_nonexistent.h>
      |          ^~~~~~~~~~~~~~~~~~
compilation terminated.
configure:7850: $? = 1
configure: failed program was:
| /* confdefs.h */
| #define PACKAGE_NAME "ldpcurve"
| #define PACKAGE_TARNAME "ldpcurve"
| #define PACKAGE_VERSION "0.0.1"
| #define PACKAGE_STRING "ldpcurve 0.0.1"
| #define PACKAGE_BUGREPORT "dxiang@corp.netease.com"
| #define PACKAGE_URL ""
| #define PACKAGE "ldpcurve"
| #define VERSION "0.0.1"
| /* end confdefs.h.  */
| #include <ac_nonexistent.h>
configure:7879: checking for ANSI C header files
configure:7899: gcc -c -g -O2  conftest.c >&5
configure:7899: $? = 0
configure:7972: gcc -o conftest -g -O2   conftest.c  >&5
configure:7972: $? = 0
configure:7972: ./conftest
configure:7972: $? = 0
configure:7983: result: yes
configure:7996: checking for sys/types.h
configure:7996: gcc -c -g -O2  conftest.c >&5
configure:7996: $? = 0
configure:7996: result: yes
configure:7996: checking for sys/stat.h
configure:7996: gcc -c -g -O2  conftest.c >&5
configure:7996: $? = 0
configure:7996: result: yes
configure:7996: checking for stdlib.h
configure:7996: gcc -c -g -O2  conftest.c >&5
configure:7996: $? = 0
configure:7996: result: yes
configure:7996: checking for string.h
configure:7996: gcc -c -g -O2  conftest.c >&5
configure:7996: $? = 0
configure:7996: result: yes
configure:7996: checking for memory.h
configure:7996: gcc -c -g -O2  conftest.c >&5
configure:7996: $? = 0
configure:7996: result: yes
configure:7996: checking for strings.h
configure:7996: gcc -c -g -O2  conftest.c >&5
configure:7996: $? = 0
configure:7996: result: yes
configure:7996: checking for inttypes.h
configure:7996: gcc -c -g -O2  conftest.c >&5
configure:7996: $? = 0
configure:7996: result: yes
configure:7996: checking for stdint.h
configure:7996: gcc -c -g -O2  conftest.c >&5
configure:7996: $? = 0
configure:7996: result: yes
configure:7996: checking for unistd.h
configure:7996: gcc -c -g -O2  conftest.c >&5
configure:7996: $? = 0
configure:7996: result: yes
configure:8010: checking for dlfcn.h
configure:8010: gcc -c -g -O2  conftest.c >&5
configure:8010: $? = 0
configure:8010: result: yes
configure:8277: checking for objdir
configure:8292: result: .libs
configure:8556: checking if gcc supports -fno-rtti -fno-exceptions
configure:8574: gcc -c -g -O2  -fno-rtti -fno-exceptions conftest.c >&5
cc1: warning: command line option '-fno-rtti' is valid for C++/D/ObjC++ but not for C
configure:8578: $? = 0
configure:8591: result: no
configure:8955: checking for gcc option to produce PIC
configure:8962: result: -fPIC -DPIC
configure:8970: checking if gcc PIC flag -fPIC -DPIC works
configure:8988: gcc -c -g -O2  -fPIC -DPIC -DPIC conftest.c >&5
configure:8992: $? = 0
configure:9005: result: yes
configure:9034: checking if gcc static flag -static works
configure:9062: result: yes
configure:9077: checking if gcc supports -c -o file.o
configure:9098: gcc -c -g -O2  -o out/conftest2.o conftest.c >&5
configure:9102: $? = 0
configure:9124: result: yes
configure:9132: checking if gcc supports -c -o file.o
configure:9179: result: yes
configure:9212: checking whether the gcc linker (/usr/bin/ld -m elf_x86_64) supports shared libraries
configure:10475: result: yes
configure:10512: checking whether -lc should be explicitly linked in
configure:10520: gcc -c -g -O2  conftest.c >&5
configure:10523: $? = 0
configure:10538: gcc -shared  -fPIC -DPIC conftest.o  -v -Wl,-soname -Wl,conftest -o conftest 2\>\&1 \| /usr/bin/grep  -lc  \>/dev/null 2\>\&1
configure:10541: $? = 0
configure:10555: result: no
configure:10715: checking dynamic linker characteristics
configure:11296: gcc -o conftest -g -O2   -Wl,-rpath -Wl,/foo conftest.c  >&5
configure:11296: $? = 0
configure:11545: result: GNU/Linux ld.so
configure:11667: checking how to hardcode library paths into programs
configure:11692: result: immediate
configure:12240: checking whether stripping libraries is possible
configure:12245: result: yes
configure:12280: checking if libtool supports shared libraries
configure:12282: result: yes
configure:12285: checking whether to build shared libraries
configure:12310: result: yes
configure:12313: checking whether to build static libraries
configure:12317: result: yes
configure:9116: checking how to run the C++ preprocessor
configure:9143: g++ -E  conftest.cpp
configure:9143: $? = 0
configure:9157: g++ -E  conftest.cpp
conftest.cpp:23:10: fatal error: ac_nonexistent.h: No such file or directory
   23 | #include <ac_nonexistent.h>
      |          ^~~~~~~~~~~~~~~~~~
compilation terminated.
configure:9157: $? = 1
configure: failed program was:
| /* confdefs.h */
| #define PACKAGE_NAME "ldpcurve"
| #define PACKAGE_TARNAME "ldpcurve"
| #define PACKAGE_VERSION "0.0.1"
| #define PACKAGE_STRING "ldpcurve 0.0.1"
| #define PACKAGE_BUGREPORT "dxiang@corp.netease.com"
| #define PACKAGE_URL ""
| #define PACKAGE "ldpcurve"
| #define VERSION "0.0.1"
| #define STDC_HEADERS 1
| #define HAVE_SYS_TYPES_H 1
| #define HAVE_SYS_STAT_H 1
| #define HAVE_STDLIB_H 1
| #define HAVE_STRING_H 1
| #define HAVE_MEMORY_H 1
| #define HAVE_STRINGS_H 1
| #define HAVE_INTTYPES_H 1
| #define HAVE_STDINT_H 1
| #define HAVE_UNISTD_H 1
| #define HAVE_DLFCN_H 1
| #define LT_OBJDIR ".libs/"
| /* end confdefs.h.  */
| #include <ac_nonexistent.h>
configure:9182: result: g++ -E
configure:9202: g++ -E  conftest.cpp
configure:9202: $? = 0
configure:9216: g++ -E  conftest.cpp
conftest.cpp:23:10: fatal error: ac_nonexistent.h: No such file or directory
   23 | #include <ac_nonexistent.h>
      |          ^~~~~~~~~~~~~~~~~~
compilation terminated.
configure:9216: $? = 1
configure: failed program was:
| /* confdefs.h */
| #define PACKAGE_NAME "ldpcurve"
| #define PACKAGE_TARNAME "ldpcurve"
| #define PACKAGE_VERSION "0.0.1"
| #define PACKAGE_STRING "ldpcurve 0.0.1"
| #define PACKAGE_BUGREPORT "dxiang@corp.netease.com"
| #define PACKAGE_URL ""
| #define PACKAGE "ldpcurve"
| #define VERSION "0.0.1"
| #define STDC_HEADERS 1
| #define HAVE_SYS_TYPES_H 1
| #define HAVE_SYS_STAT_H 1
| #define HAVE_STDLIB_H 1
| #define HAVE_STRING_H 1
| #define HAVE_MEMORY_H 1
| #define HAVE_STRINGS_H 1
| #define HAVE_INTTYPES_H 1
| #define HAVE_STDINT_H 1
| #define HAVE_UNISTD_H 1
| #define HAVE_DLFCN_H 1
| #define LT_OBJDIR ".libs/"
| /* end confdefs.h.  */
| #include <ac_nonexistent.h>
configure:9378: checking for ld used by g++
configure:9445: result: /usr/bin/ld -m elf_x86_64
configure:9452: checking if the linker (/usr/bin/ld -m elf_x86_64) is GNU ld
configure:9467: result: yes
configure:9522: checking whether the g++ linker (/usr/bin/ld -m elf_x86_64) supports shared libraries
configure:10595: result: yes
configure:10631: g++ -c -g -O2  conftest.cpp >&5
configure:10634: $? = 0
configure:11115: checking for g++ option to produce PIC
configure:11122: result: -fPIC -DPIC
configure:11130: checking if g++ PIC flag -fPIC -DPIC works
configure:11148: g++ -c -g -O2  -fPIC -DPIC -DPIC conftest.cpp >&5
configure:11152: $? = 0
configure:11165: result: yes
configure:11188: checking if g++ static flag -static works
configure:11216: result: yes
configure:11228: checking if g++ supports -c -o file.o
configure:11249: g++ -c -g -O2  -o out/conftest2.o conftest.cpp >&5
configure:11253: $? = 0
configure:11275: result: yes
configure:11280: checking if g++ supports -c -o file.o
configure:11327: result: yes
configure:11357: checking whether the g++ linker (/usr/bin/ld -m elf_x86_64) supports shared libraries
configure:11400: result: yes
configure:11541: checking dynamic linker characteristics
configure:12298: result: GNU/Linux ld.so
configure:12363: checking how to hardcode library paths into programs
configure:12388: result: immediate
configure:11281: checking whether make sets $(MAKE)
configure:11303: result: yes
configure:11475: checking that generated files are newer than configure
configure:11481: result: done
configure:11508: creating ./config.status

## ---------------- ##
## Cache variables. ##
## ---------------- ##

ac_cv_build=x86_64-pc-linux-gnu
ac_cv_c_compiler_gnu=yes
ac_cv_cxx_compiler_gnu=yes
ac_cv_env_CCC_set=
ac_cv_env_CCC_value=
ac_cv_env_CC_set=
ac_cv_env_CC_value=
ac_cv_env_CFLAGS_set=
ac_cv_env_CFLAGS_value=
ac_cv_env_CPPFLAGS_set=
ac_cv_env_CPPFLAGS_value=
ac_cv_env_CPP_set=
ac_cv_env_CPP_value=
ac_cv_env_CXXCPP_set=
ac_cv_env_CXXCPP_value=
ac_cv_env_CXXFLAGS_set=
ac_cv_env_CXXFLAGS_value=
ac_cv_env_CXX_set=
ac_cv_env_CXX_value=
ac_cv_env_LDFLAGS_set=
ac_cv_env_LDFLAGS_value=
ac_cv_env_LIBS_set=
ac_cv_env_LIBS_value=
ac_cv_env_LT_SYS_LIBRARY_PATH_set=
ac_cv_env_LT_SYS_LIBRARY_PATH_value=
ac_cv_env_build_alias_set=
ac_cv_env_build_alias_value=
ac_cv_env_host_alias_set=
ac_cv_env_host_alias_value=
ac_cv_env_target_alias_set=
ac_cv_env_target_alias_value=
ac_cv_header_dlfcn_h=yes
ac_cv_header_inttypes_h=yes
ac_cv_header_memory_h=yes
ac_cv_header_stdc=yes
ac_cv_header_stdint_h=yes
ac_cv_header_stdlib_h=yes
ac_cv_header_string_h=yes
ac_cv_header_strings_h=yes
ac_cv_header_sys_stat_h=yes
ac_cv_header_sys_types_h=yes
ac_cv_header_unistd_h=yes
ac_cv_host=x86_64-pc-linux-gnu
ac_cv_objext=o
ac_cv_path_EGREP='/usr/bin/grep -E'
ac_cv_path_FGREP='/usr/bin/grep -F'
ac_cv_path_GREP=/usr/bin/grep
ac_cv_path_SED=/usr/bin/sed
ac_cv_path_install='/usr/bin/install -c'
ac_cv_path_lt_DD=/usr/bin/dd
ac_cv_path_mkdir=/usr/bin/mkdir
ac_cv_prog_AWK=gawk
ac_cv_prog_CPP='gcc -E'
ac_cv_prog_CXXCPP='g++ -E'
ac_cv_prog_ac_ct_AR=ar
ac_cv_prog_ac_ct_CC=gcc
ac_cv_prog_ac_ct_CXX=g++
ac_cv_prog_ac_ct_MANIFEST_TOOL=mt
ac_cv_prog_ac_ct_OBJDUMP=objdump
ac_cv_prog_ac_ct_RANLIB=ranlib
ac_cv_prog_ac_ct_STRIP=strip
ac_cv_prog_cc_c89=
ac_cv_prog_cc_g=yes
ac_cv_prog_cxx_g=yes
ac_cv_prog_make_make_set=yes
am_cv_CC_dependencies_compiler_type=gcc3
am_cv_CXX_dependencies_compiler_type=gcc3
am_cv_make_support_nested_variables=yes
am_cv_prog_cc_c_o=yes
lt_cv_ar_at_file=@
lt_cv_archive_cmds_need_lc=no
lt_cv_deplibs_check_method=pass_all
lt_cv_file_magic_cmd='$MAGIC_CMD'
lt_cv_file_magic_test_file=
lt_cv_ld_reload_flag=-r
lt_cv_nm_interface='BSD nm'
lt_cv_objdir=.libs
lt_cv_path_LD=/usr/bin/ld
lt_cv_path_LDCXX='/usr/bin/ld -m elf_x86_64'
lt_cv_path_NM='/usr/bin/nm -B'
lt_cv_path_mainfest_tool=no
lt_cv_prog_compiler_c_o=yes
lt_cv_prog_compiler_c_o_CXX=yes
lt_cv_prog_compiler_pic='-fPIC -DPIC'
lt_cv_prog_compiler_pic_CXX='-fPIC -DPIC'
lt_cv_prog_compiler_pic_works=yes
lt_cv_prog_compiler_pic_works_CXX=yes
lt_cv_prog_compiler_rtti_exceptions=no
lt_cv_prog_compiler_static_works=yes
lt_cv_prog_compiler_static_works_CXX=yes
lt_cv_prog_gnu_ld=yes
lt_cv_prog_gnu_ldcxx=yes
lt_cv_sharedlib_from_linklib_cmd='printf %s\n'
lt_cv_shlibpath_overrides_runpath=yes
lt_cv_sys_global_symbol_pipe='sed -n -e '\''s/^.*[	 ]\([ABCDGIRSTW][ABCDGIRSTW]*\)[	 ][	 ]*\([_A-Za-z][_A-Za-z0-9]*\)$/\1 \2 \2/p'\'' | sed '\''/ __gnu_lto/d'\'''
lt_cv_sys_global_symbol_to_c_name_address='sed -n -e '\''s/^: \(.*\) .*$/  {"\1", (void *) 0},/p'\'' -e '\''s/^[ABCDGIRSTW][ABCDGIRSTW]* .* \(.*\)$/  {"\1", (void *) \&\1},/p'\'''
lt_cv_sys_global_symbol_to_c_name_address_lib_prefix='sed -n -e '\''s/^: \(.*\) .*$/  {"\1", (void *) 0},/p'\'' -e '\''s/^[ABCDGIRSTW][ABCDGIRSTW]* .* \(lib.*\)$/  {"\1", (void *) \&\1},/p'\'' -e '\''s/^[ABCDGIRSTW][ABCDGIRSTW]* .* \(.*\)$/  {"lib\1", (void *) \&\1},/p'\'''
lt_cv_sys_global_symbol_to_cdecl='sed -n -e '\''s/^T .* \(.*\)$/extern int \1();/p'\'' -e '\''s/^[ABCDGIRSTW][ABCDGIRSTW]* .* \(.*\)$/extern char \1;/p'\'''
lt_cv_sys_global_symbol_to_import=
lt_cv_sys_max_cmd_len=1572864
lt_cv_to_host_file_cmd=func_convert_file_noop
lt_cv_to_tool_file_cmd=func_convert_file_noop
lt_cv_truncate_bin='/usr/bin/dd bs=4096 count=1'

## ----------------- ##
## Output variables. ##
## ----------------- ##

ACLOCAL='${SHELL} /home/dxiang/ldp_curve/missing aclocal-1.16'
AMDEPBACKSLASH='\'
AMDEP_FALSE='#'
AMDEP_TRUE=''
AMTAR='$${TAR-tar}'
AM_BACKSLASH='\'
AM_DEFAULT_V='$(AM_DEFAULT_VERBOSITY)'
AM_DEFAULT_VERBOSITY='1'
AM_V='$(V)'
AR='ar'
AUTOCONF='${SHELL} /home/dxiang/ldp_curve/missing autoconf'
AUTOHEADER='${SHELL} /home/dxiang/ldp_curve/missing autoheader'
AUTOMAKE='${SHELL} /home/dxiang/ldp_curve/missing automake-1.16'
AWK='gawk'
CC='gcc'
CCDEPMODE='depmode=gcc3'
CFLAGS='-g -O2'
CPP='gcc -E'
CPPFLAGS=''
CXX='g++'
CXXCPP='g++ -E'
CXXDEPMODE='depmode=gcc3'
CXXFLAGS='-g -O2'
CYGPATH_W='echo'
DEFS='-DPACKAGE_NAME=\"ldpcurve\" -DPACKAGE_TARNAME=\"ldpcurve\" -DPACKAGE_VERSION=\"0.0.1\" -DPACKAGE_STRING=\"ldpcurve\ 0.0.1\" -DPACKAGE_BUGREPORT=\"dxiang@corp.netease.com\" -DPACKAGE_URL=\"\" -DPACKAGE=\"ldpcurve\" -DVERSION=\"0.0.1\" -DSTDC_HEADERS=1 -DHAVE_SYS_TYPES_H=1 -DHAVE_SYS_STAT_H=1 -DHAVE_STDLIB_H=1 -DHAVE_STRING_H=1 -DHAVE_MEMORY_H=1 -DHAVE_STRINGS_H=1 -DHAVE_INTTYPES_H=1 -DHAVE_STDINT_H=1 -DHAVE_UNISTD_H=1 -DHAVE_DLFCN_H=1 -DLT_OBJDIR=\".libs/\"'
DEPDIR='.deps'
DLLTOOL='false'
DSYMUTIL=''
DUMPBIN=''
ECHO_C=''
ECHO_N='-n'
ECHO_T=''
EGREP='/usr/bin/grep -E'
EXEEXT=''
FGREP='/usr/bin/grep -F'
GREP='/usr/bin/grep'
INSTALL_DATA='${INSTALL} -m 644'
INSTALL_PROGRAM='${INSTALL}'
INSTALL_SCRIPT='${INSTALL}'
INSTALL_STRIP_PROGRAM='$(install_sh) -c -s'
LD='/usr/bin/ld -m elf_x86_64'
LDFLAGS=''
LIBBUILD_DIR='/home/dxiang/ldp_curve/lib'
LIBOBJS=''
LIBS=''
LIBTOOL='$(SHELL) $(top_builddir)/libtool'
LIPO=''
LN_S='ln -s'
LTLIBOBJS=''
LT_SYS_LIBRARY_PATH=''
MAKEINFO='${SHELL} /home/dxiang/ldp_curve/missing makeinfo'
MANIFEST_TOOL=':'
MKDIR_P='/usr/bin/mkdir -p'
NM='/usr/bin/nm -B'
NMEDIT=''
OBJDUMP='objdump'
OBJEXT='o'
OTOOL64=''
OTOOL=''
PACKAGE='ldpcurve'
PACKAGE_BUGREPORT='dxiang@corp.netease.com'
PACKAGE_NAME='ldpcurve'
PACKAGE_STRING='ldpcurve 0.0.1'
PACKAGE_TARNAME='ldpcurve'
PACKAGE_URL=''
PACKAGE_VERSION='0.0.1'
PATH_SEPARATOR=':'
RANLIB='ranlib'
SED='/usr/bin/sed'
SET_MAKE=''
SHELL='/bin/bash'
STRIP='strip'
VERSION='0.0.1'
ac_ct_AR='ar'
ac_ct_CC='gcc'
ac_ct_CXX='g++'
ac_ct_DUMPBIN=''
am__EXEEXT_FALSE=''
am__EXEEXT_TRUE='#'
am__fastdepCC_FALSE='#'
am__fastdepCC_TRUE=''
am__fastdepCXX_FALSE='#'
am__fastdepCXX_TRUE=''
am__include='include'
am__isrc=''
am__leading_dot='.'
am__nodep='_no'
am__quote=''
am__tar='$${TAR-tar} chof - "$$tardir"'
am__untar='$${TAR-tar} xf -'
bindir='${exec_prefix}/bin'
build='x86_64-pc-linux-gnu'
build_alias=''
build_cpu='x86_64'
build_os='linux-gnu'
build_vendor='pc'
datadir='${datarootdir}'
datarootdir='${prefix}/share'
docdir='${datarootdir}/doc/${PACKAGE_TARNAME}'
dvidir='${docdir}'
exec_prefix='${prefix}'
host='x86_64-pc-linux-gnu'
host_alias=''
host_cpu='x86_64'
host_os='linux-gnu'
host_vendor='pc'
htmldir='${docdir}'
includedir='${prefix}/include'
infodir='${datarootdir}/info'
install_sh='${SHELL} /home/dxiang/ldp_curve/install-sh'
libdir='${exec_prefix}/lib'
libexecdir='${exec_prefix}/libexec'
localedir='${datarootdir}/locale'
localstatedir='${prefix}/var'
mandir='${datarootdir}/man'
mkdir_p='$(MKDIR_P)'
oldincludedir='/usr/include'
pdfdir='${docdir}'
prefix='/usr/local'
program_transform_name='s,x,x,'
psdir='${docdir}'
runstatedir='${localstatedir}/run'
sbindir='${exec_prefix}/sbin'
sharedstatedir='${prefix}/com'
sysconfdir='${prefix}/etc'
target_alias=''

## ----------- ##
## confdefs.h. ##
## ----------- ##

/* confdefs.h */
#define PACKAGE_NAME "ldpcurve"
#define PACKAGE_TARNAME "ldpcurve"
#define PACKAGE_VERSION "0.0.1"
#define PACKAGE_STRING "ldpcurve 0.0.1"
#define PACKAGE_BUGREPORT "dxiang@corp.netease.com"
#define PACKAGE_URL ""
#define PACKAGE "ldpcurve"
#define VERSION "0.0.1"
#define STDC_HEADERS 1
#define HAVE_SYS_TYPES_H 1
#define HAVE_SYS_STAT_H 1
#define HAVE_STDLIB_H 1
#define HAVE_STRING_H 1
#define HAVE_MEMORY_H 1
#define HAVE_STRINGS_H 1
#define HAVE_INTTYPES_H 1
#define HAVE_STDINT_H 1
#define HAVE_UNISTD_H 1
#define HAVE_DLFCN_H 1
#define LT_OBJDIR ".libs/"

configure: exit 0

## ---------------------- ##
## Running config.status. ##
## ---------------------- ##

This file was extended by ldpcurve config.status 0.0.1, which was
generated by GNU Autoconf 2.69.  Invocation command line was

  CONFIG_FILES    = 
  CONFIG_HEADERS  = 
  CONFIG_LINKS    = 
  CONFIG_COMMANDS = 
  $ ./config.status 

on ubuntu

config.status:1069: creating Makefile
config.status:1069: creating server/Makefile
config.status:1069: creating test/Makefile
config.status:1241: executing depfiles commands
config.status:1318: cd .       && sed -e '/# am--include-marker/d' Makefile         | make -f - am--depfiles
make[1]: Entering directory '/home/dxiang/ldp_curve'
make[1]: Leaving directory '/home/dxiang/ldp_curve'
config.status:1323: $? = 0
config.status:1318: cd server       && sed -e '/# am--include-marker/d' Makefile         | make -f - am--depfiles
make[1]: Entering directory '/home/dxiang/ldp_curve/server'
make[1]: Leaving directory '/home/dxiang/ldp_curve/server'
config.status:1323: $? = 0
config.status:1318: cd test       && sed -e '/# am--include-marker/d' Makefile         | make -f - am--depfiles
make[1]: Entering directory '/home/dxiang/ldp_curve/test'
make[1]: Leaving directory '/home/dxiang/ldp_curve/test'
config.status:1323: $? = 0
config.status:1241: executing libtool commands
